#
# There is insufficient memory for the Java Runtime Environment to continue.
# Native memory allocation (malloc) failed to allocate 1039856 bytes for Chunk::new
# Possible reasons:
#   The system is out of physical RAM or swap space
#   In 32 bit mode, the process size limit was hit
# Possible solutions:
#   Reduce memory load on the system
#   Increase physical memory or swap space
#   Check if swap backing store is full
#   Use 64 bit Java on a 64 bit OS
#   Decrease Java heap size (-Xmx/-Xms)
#   Decrease number of Java threads
#   Decrease Java thread stack sizes (-Xss)
#   Set larger code cache with -XX:ReservedCodeCacheSize=
# This output file may be truncated or incomplete.
#
#  Out of Memory Error (allocation.cpp:390), pid=19972, tid=0x0000000000002cf0
#
# JRE version: OpenJDK Runtime Environment (8.0_152-b02) (build 1.8.0_152-release-1024-b02)
# Java VM: OpenJDK 64-Bit Server VM (25.152-b02 mixed mode windows-amd64 compressed oops)
# Failed to write core dump. Minidumps are not enabled by default on client versions of Windows
#

---------------  T H R E A D  ---------------

Current thread (0x00000000165dd800):  JavaThread "C2 CompilerThread1" daemon [_thread_in_native, id=11504, stack(0x00000000180e0000,0x00000000181e0000)]

Stack: [0x00000000180e0000,0x00000000181e0000]
[error occurred during error reporting (printing stack bounds), id 0xc0000005]

Native frames: (J=compiled Java code, j=interpreted, Vv=VM code, C=native code)


Current CompileTask:
C2:   4464 1357       4       java.net.URLClassLoader$1::run (5 bytes)


---------------  P R O C E S S  ---------------

Java Threads: ( => current thread )
  0x00000000195d7000 JavaThread "File lock request listener" [_thread_in_native, id=212, stack(0x000000001b030000,0x000000001b130000)]
  0x00000000197ac800 JavaThread "Cache worker for file hash cache (C:\Users\Public\.gradle\caches\4.4\fileHashes)" [_thread_blocked, id=20484, stack(0x000000001af30000,0x000000001b030000)]
  0x00000000194ab000 JavaThread "Stdin handler" [_thread_blocked, id=3144, stack(0x000000001ac30000,0x000000001ad30000)]
  0x00000000194a9800 JavaThread "Asynchronous log dispatcher for DefaultDaemonConnection: socket connection from /127.0.0.1:50340 to /127.0.0.1:50341" [_thread_blocked, id=17268, stack(0x000000001ab30000,0x000000001ac30000)]
  0x000000001943d000 JavaThread "Daemon worker" [_thread_in_vm, id=14684, stack(0x000000001aa30000,0x000000001ab30000)]
  0x000000001943b800 JavaThread "Cancel handler" [_thread_blocked, id=5216, stack(0x000000001a930000,0x000000001aa30000)]
  0x0000000019422800 JavaThread "Handler for socket connection from /127.0.0.1:50340 to /127.0.0.1:50341" [_thread_in_native, id=4052, stack(0x000000001a630000,0x000000001a730000)]
  0x0000000019396000 JavaThread "Daemon" [_thread_blocked, id=9360, stack(0x000000001a530000,0x000000001a630000)]
  0x0000000019496800 JavaThread "Daemon periodic checks" [_thread_blocked, id=19964, stack(0x000000001a430000,0x000000001a530000)]
  0x0000000019499800 JavaThread "Incoming local TCP Connector on port 50340" [_thread_in_native, id=7096, stack(0x000000001a1f0000,0x000000001a2f0000)]
  0x0000000017ce5000 JavaThread "Service Thread" daemon [_thread_blocked, id=20420, stack(0x00000000182e0000,0x00000000183e0000)]
  0x0000000017ce2800 JavaThread "C1 CompilerThread2" daemon [_thread_blocked, id=19996, stack(0x00000000181e0000,0x00000000182e0000)]
=>0x00000000165dd800 JavaThread "C2 CompilerThread1" daemon [_thread_in_native, id=11504, stack(0x00000000180e0000,0x00000000181e0000)]
  0x0000000016589800 JavaThread "C2 CompilerThread0" daemon [_thread_blocked, id=1572, stack(0x0000000017be0000,0x0000000017ce0000)]
  0x0000000016583000 JavaThread "Attach Listener" daemon [_thread_blocked, id=14304, stack(0x0000000017ae0000,0x0000000017be0000)]
  0x0000000016587800 JavaThread "Signal Dispatcher" daemon [_thread_blocked, id=20428, stack(0x00000000179e0000,0x0000000017ae0000)]
  0x0000000002c0e800 JavaThread "Finalizer" daemon [_thread_blocked, id=15616, stack(0x00000000177e0000,0x00000000178e0000)]
  0x0000000002c02000 JavaThread "Reference Handler" daemon [_thread_blocked, id=20680, stack(0x00000000176e0000,0x00000000177e0000)]
  0x0000000002b0d800 JavaThread "main" [_thread_blocked, id=14480, stack(0x0000000002960000,0x0000000002a60000)]

Other Threads:
  0x0000000016545000 VMThread [stack: 0x00000000175e0000,0x00000000176e0000] [id=8756]
  0x0000000017ce7000 WatcherThread [stack: 0x00000000183e0000,0x00000000184e0000] [id=20980]

VM state:not at safepoint (normal execution)

VM Mutex/Monitor currently owned by a thread: None

Heap:
 PSYoungGen      total 56832K, used 12855K [0x00000000e0000000, 0x00000000e3f00000, 0x0000000100000000)
  eden space 49152K, 10% used [0x00000000e0000000,0x00000000e0510578,0x00000000e3000000)
  from space 7680K, 99% used [0x00000000e3780000,0x00000000e3efda28,0x00000000e3f00000)
  to   space 7680K, 0% used [0x00000000e3000000,0x00000000e3000000,0x00000000e3780000)
 ParOldGen       total 130048K, used 698K [0x00000000a0000000, 0x00000000a7f00000, 0x00000000e0000000)
  object space 130048K, 0% used [0x00000000a0000000,0x00000000a00ae908,0x00000000a7f00000)
 Metaspace       used 14656K, capacity 15030K, committed 15360K, reserved 1062912K
  class space    used 2051K, capacity 2191K, committed 2304K, reserved 1048576K

Card table byte_map: [0x0000000011fd0000,0x00000000122e0000] byte_map_base: 0x0000000011ad0000

Marking Bits: (ParMarkBitMap*) 0x0000000063c24970
 Begin Bits: [0x00000000128e0000, 0x00000000140e0000)
 End Bits:   [0x00000000140e0000, 0x00000000158e0000)

Polling page: 0x00000000012c0000

CodeCache: size=245760Kb used=4770Kb max_used=4770Kb free=240989Kb
 bounds [0x0000000002c10000, 0x00000000030c0000, 0x0000000011c10000]
 total_blobs=1742 nmethods=1372 adapters=283
 compilation: enabled

Compilation events (10 events):
Event: 4.435 Thread 0x0000000017ce2800 1368       3       org.gradle.internal.service.DefaultServiceRegistry$DefaultLookupContext$4::apply (12 bytes)
Event: 4.435 Thread 0x0000000017ce2800 nmethod 1368 0x00000000030b8450 code [0x00000000030b85c0, 0x00000000030b87e8]
Event: 4.453 Thread 0x0000000017ce2800 1370       3       java.lang.StringBuilder::append (10 bytes)
Event: 4.453 Thread 0x0000000017ce2800 nmethod 1370 0x00000000030b88d0 code [0x00000000030b8a40, 0x00000000030b8bc8]
Event: 4.453 Thread 0x0000000017ce2800 1371       1       com.google.common.io.LineReader::access$000 (5 bytes)
Event: 4.453 Thread 0x0000000017ce2800 nmethod 1371 0x00000000030b8c50 code [0x00000000030b8da0, 0x00000000030b8e90]
Event: 4.455 Thread 0x0000000017ce2800 1372       3       com.google.common.io.LineBuffer::finishLine (61 bytes)
Event: 4.456 Thread 0x0000000017ce2800 nmethod 1372 0x00000000030b8f10 code [0x00000000030b90c0, 0x00000000030b97d8]
Event: 4.456 Thread 0x0000000017ce2800 1373       3       com.google.common.io.LineReader$1::handleLine (15 bytes)
Event: 4.456 Thread 0x0000000017ce2800 nmethod 1373 0x00000000030b9a50 code [0x00000000030b9bc0, 0x00000000030b9de8]

GC Heap History (4 events):
Event: 1.578 GC heap before
{Heap before GC invocations=1 (full 0):
 PSYoungGen      total 56832K, used 49152K [0x00000000e0000000, 0x00000000e3f00000, 0x0000000100000000)
  eden space 49152K, 100% used [0x00000000e0000000,0x00000000e3000000,0x00000000e3000000)
  from space 7680K, 0% used [0x00000000e3780000,0x00000000e3780000,0x00000000e3f00000)
  to   space 7680K, 0% used [0x00000000e3000000,0x00000000e3000000,0x00000000e3780000)
 ParOldGen       total 130048K, used 0K [0x00000000a0000000, 0x00000000a7f00000, 0x00000000e0000000)
  object space 130048K, 0% used [0x00000000a0000000,0x00000000a0000000,0x00000000a7f00000)
 Metaspace       used 7182K, capacity 7398K, committed 7680K, reserved 1056768K
  class space    used 903K, capacity 982K, committed 1024K, reserved 1048576K
Event: 1.590 GC heap after
Heap after GC invocations=1 (full 0):
 PSYoungGen      total 56832K, used 5330K [0x00000000e0000000, 0x00000000e3f00000, 0x0000000100000000)
  eden space 49152K, 0% used [0x00000000e0000000,0x00000000e0000000,0x00000000e3000000)
  from space 7680K, 69% used [0x00000000e3000000,0x00000000e3534ac0,0x00000000e3780000)
  to   space 7680K, 0% used [0x00000000e3780000,0x00000000e3780000,0x00000000e3f00000)
 ParOldGen       total 130048K, used 8K [0x00000000a0000000, 0x00000000a7f00000, 0x00000000e0000000)
  object space 130048K, 0% used [0x00000000a0000000,0x00000000a0002000,0x00000000a7f00000)
 Metaspace       used 7182K, capacity 7398K, committed 7680K, reserved 1056768K
  class space    used 903K, capacity 982K, committed 1024K, reserved 1048576K
}
Event: 4.364 GC heap before
{Heap before GC invocations=2 (full 0):
 PSYoungGen      total 56832K, used 54482K [0x00000000e0000000, 0x00000000e3f00000, 0x0000000100000000)
  eden space 49152K, 100% used [0x00000000e0000000,0x00000000e3000000,0x00000000e3000000)
  from space 7680K, 69% used [0x00000000e3000000,0x00000000e3534ac0,0x00000000e3780000)
  to   space 7680K, 0% used [0x00000000e3780000,0x00000000e3780000,0x00000000e3f00000)
 ParOldGen       total 130048K, used 8K [0x00000000a0000000, 0x00000000a7f00000, 0x00000000e0000000)
  object space 130048K, 0% used [0x00000000a0000000,0x00000000a0002000,0x00000000a7f00000)
 Metaspace       used 14207K, capacity 14486K, committed 14720K, reserved 1062912K
  class space    used 1974K, capacity 2095K, committed 2176K, reserved 1048576K
Event: 4.377 GC heap after
Heap after GC invocations=2 (full 0):
 PSYoungGen      total 56832K, used 7670K [0x00000000e0000000, 0x00000000e3f00000, 0x0000000100000000)
  eden space 49152K, 0% used [0x00000000e0000000,0x00000000e0000000,0x00000000e3000000)
  from space 7680K, 99% used [0x00000000e3780000,0x00000000e3efda28,0x00000000e3f00000)
  to   space 7680K, 0% used [0x00000000e3000000,0x00000000e3000000,0x00000000e3780000)
 ParOldGen       total 130048K, used 698K [0x00000000a0000000, 0x00000000a7f00000, 0x00000000e0000000)
  object space 130048K, 0% used [0x00000000a0000000,0x00000000a00ae908,0x00000000a7f00000)
 Metaspace       used 14207K, capacity 14486K, committed 14720K, reserved 1062912K
  class space    used 1974K, capacity 2095K, committed 2176K, reserved 1048576K
}

Deoptimization events (10 events):
Event: 1.874 Thread 0x0000000002b0d800 Uncommon trap: reason=bimorphic action=maybe_recompile pc=0x0000000002f3e450 method=java.util.HashMap.putVal(ILjava/lang/Object;Ljava/lang/Object;ZZ)Ljava/lang/Object; @ 203
Event: 2.229 Thread 0x0000000002b0d800 Uncommon trap: reason=unstable_if action=reinterpret pc=0x0000000002ee37dc method=java.io.WinNTFileSystem.normalize(Ljava/lang/String;)Ljava/lang/String; @ 128
Event: 2.229 Thread 0x0000000002b0d800 Uncommon trap: reason=unstable_if action=reinterpret pc=0x0000000002f28d2c method=java.io.WinNTFileSystem.normalize(Ljava/lang/String;II)Ljava/lang/String; @ 90
Event: 3.425 Thread 0x0000000019422800 Uncommon trap: reason=unstable_if action=reinterpret pc=0x0000000002fa1ad4 method=java.util.concurrent.ConcurrentHashMap.putVal(Ljava/lang/Object;Ljava/lang/Object;Z)Ljava/lang/Object; @ 206
Event: 3.786 Thread 0x000000001943d000 Uncommon trap: reason=bimorphic action=maybe_recompile pc=0x0000000002f3dee0 method=java.util.HashMap.putVal(ILjava/lang/Object;Ljava/lang/Object;ZZ)Ljava/lang/Object; @ 253
Event: 3.787 Thread 0x000000001943d000 Uncommon trap: reason=bimorphic action=maybe_recompile pc=0x0000000002f3dee0 method=java.util.HashMap.putVal(ILjava/lang/Object;Ljava/lang/Object;ZZ)Ljava/lang/Object; @ 253
Event: 3.787 Thread 0x000000001943d000 Uncommon trap: reason=bimorphic action=maybe_recompile pc=0x0000000003056f7c method=java.util.HashMap.putVal(ILjava/lang/Object;Ljava/lang/Object;ZZ)Ljava/lang/Object; @ 253
Event: 3.815 Thread 0x000000001943d000 Uncommon trap: reason=class_check action=maybe_recompile pc=0x0000000002e9a59c method=java.util.regex.Matcher.match(II)Z @ 86
Event: 4.308 Thread 0x000000001943d000 Uncommon trap: reason=class_check action=maybe_recompile pc=0x0000000002e9a59c method=java.util.regex.Matcher.match(II)Z @ 86
Event: 4.435 Thread 0x000000001943d000 Uncommon trap: reason=unstable_if action=reinterpret pc=0x0000000003082534 method=java.lang.String.lastIndexOf([CII[CIII)I @ 66

Classes redefined (0 events):
No events

Internal exceptions (10 events):
Event: 3.452 Thread 0x0000000019422800 Exception <a 'java/lang/NoSuchMethodError': <clinit>> (0x00000000e1318880) thrown at [D:\src\AOSP-openjdk-cygwin\jdk8u\hotspot\src\share\vm\prims\jni.cpp, line 1613]
Event: 3.455 Thread 0x0000000019422800 Exception <a 'java/lang/NoSuchMethodError': <clinit>> (0x00000000e1330398) thrown at [D:\src\AOSP-openjdk-cygwin\jdk8u\hotspot\src\share\vm\prims\jni.cpp, line 1613]
Event: 3.456 Thread 0x0000000019422800 Exception <a 'java/lang/NoSuchMethodError': <clinit>> (0x00000000e1338e60) thrown at [D:\src\AOSP-openjdk-cygwin\jdk8u\hotspot\src\share\vm\prims\jni.cpp, line 1613]
Event: 3.458 Thread 0x0000000019422800 Exception <a 'java/lang/NoSuchMethodError': <clinit>> (0x00000000e134a4e0) thrown at [D:\src\AOSP-openjdk-cygwin\jdk8u\hotspot\src\share\vm\prims\jni.cpp, line 1613]
Event: 3.484 Thread 0x0000000019422800 Exception <a 'java/lang/NoSuchMethodError': <clinit>> (0x00000000e13b69b0) thrown at [D:\src\AOSP-openjdk-cygwin\jdk8u\hotspot\src\share\vm\prims\jni.cpp, line 1613]
Event: 3.498 Thread 0x0000000019422800 Exception <a 'java/lang/NoSuchMethodError': <clinit>> (0x00000000e13da2e0) thrown at [D:\src\AOSP-openjdk-cygwin\jdk8u\hotspot\src\share\vm\prims\jni.cpp, line 1613]
Event: 3.507 Thread 0x0000000019422800 Exception <a 'java/lang/NoSuchMethodError': <clinit>> (0x00000000e13f51f8) thrown at [D:\src\AOSP-openjdk-cygwin\jdk8u\hotspot\src\share\vm\prims\jni.cpp, line 1613]
Event: 3.520 Thread 0x0000000019422800 Exception <a 'java/lang/NoSuchMethodError': <clinit>> (0x00000000e1419510) thrown at [D:\src\AOSP-openjdk-cygwin\jdk8u\hotspot\src\share\vm\prims\jni.cpp, line 1613]
Event: 3.762 Thread 0x000000001943d000 Exception <a 'java/lang/NoSuchMethodError': <clinit>> (0x00000000e14dbfc8) thrown at [D:\src\AOSP-openjdk-cygwin\jdk8u\hotspot\src\share\vm\prims\jni.cpp, line 1613]
Event: 3.763 Thread 0x000000001943d000 Exception <a 'java/lang/NoSuchMethodError': <clinit>> (0x00000000e14e4250) thrown at [D:\src\AOSP-openjdk-cygwin\jdk8u\hotspot\src\share\vm\prims\jni.cpp, line 1613]

Events (10 events):
Event: 4.458 loading class com/google/common/base/CharMatcher$NegatedFastMatcher
Event: 4.458 loading class com/google/common/base/CharMatcher$NegatedFastMatcher done
Event: 4.458 loading class com/google/common/base/CharMatcher$NegatedMatcher
Event: 4.459 loading class com/google/common/base/CharMatcher$NegatedMatcher done
Event: 4.459 loading class com/google/common/base/CharMatcher$BitSetMatcher
Event: 4.459 loading class com/google/common/base/CharMatcher$BitSetMatcher done
Event: 4.459 loading class com/google/common/base/CharMatcher$FastMatcher
Event: 4.459 loading class com/google/common/base/CharMatcher$FastMatcher done
Event: 4.460 loading class com/google/common/base/CharMatcher$12
Event: 4.460 loading class com/google/common/base/CharMatcher$12 done


Dynamic libraries:
0x00007ff75bb70000 - 0x00007ff75bba1000 	C:\AndroidStudio\jre\bin\java.exe
0x00007ffbf17f0000 - 0x00007ffbf19d1000 	C:\WINDOWS\SYSTEM32\ntdll.dll
0x00007ffbeec80000 - 0x00007ffbeed32000 	C:\WINDOWS\System32\KERNEL32.DLL
0x00007ffbee330000 - 0x00007ffbee5a3000 	C:\WINDOWS\System32\KERNELBASE.dll
0x00007ffbf0a20000 - 0x00007ffbf0ac1000 	C:\WINDOWS\System32\ADVAPI32.dll
0x00007ffbf1180000 - 0x00007ffbf121e000 	C:\WINDOWS\System32\msvcrt.dll
0x00007ffbf1670000 - 0x00007ffbf16cb000 	C:\WINDOWS\System32\sechost.dll
0x00007ffbf0220000 - 0x00007ffbf0344000 	C:\WINDOWS\System32\RPCRT4.dll
0x00007ffbf0710000 - 0x00007ffbf08a0000 	C:\WINDOWS\System32\USER32.dll
0x00007ffbee780000 - 0x00007ffbee7a0000 	C:\WINDOWS\System32\win32u.dll
0x00007ffbf0c70000 - 0x00007ffbf0c98000 	C:\WINDOWS\System32\GDI32.dll
0x00007ffbee8a0000 - 0x00007ffbeea32000 	C:\WINDOWS\System32\gdi32full.dll
0x00007ffbee5b0000 - 0x00007ffbee64f000 	C:\WINDOWS\System32\msvcp_win.dll
0x00007ffbee7a0000 - 0x00007ffbee89a000 	C:\WINDOWS\System32\ucrtbase.dll
0x00007ffbdfd40000 - 0x00007ffbdffa9000 	C:\WINDOWS\WinSxS\amd64_microsoft.windows.common-controls_6595b64144ccf1df_6.0.17134.345_none_fb429a5930656358\COMCTL32.dll
0x00007ffbf1220000 - 0x00007ffbf1543000 	C:\WINDOWS\System32\combase.dll
0x00007ffbee650000 - 0x00007ffbee6ca000 	C:\WINDOWS\System32\bcryptPrimitives.dll
0x00007ffbf1550000 - 0x00007ffbf157d000 	C:\WINDOWS\System32\IMM32.DLL
0x0000000065570000 - 0x0000000065642000 	C:\AndroidStudio\jre\jre\bin\msvcr100.dll
0x0000000063460000 - 0x0000000063c9f000 	C:\AndroidStudio\jre\jre\bin\server\jvm.dll
0x00007ffbf05c0000 - 0x00007ffbf05c8000 	C:\WINDOWS\System32\PSAPI.DLL
0x00007ffbebca0000 - 0x00007ffbebcc3000 	C:\WINDOWS\SYSTEM32\WINMM.dll
0x00007ffbde710000 - 0x00007ffbde719000 	C:\WINDOWS\SYSTEM32\WSOCK32.dll
0x00007ffbf0640000 - 0x00007ffbf06ac000 	C:\WINDOWS\System32\WS2_32.dll
0x00007ffbe7680000 - 0x00007ffbe768a000 	C:\WINDOWS\SYSTEM32\VERSION.dll
0x00007ffbebb70000 - 0x00007ffbebb9a000 	C:\WINDOWS\SYSTEM32\WINMMBASE.dll
0x00007ffbeea40000 - 0x00007ffbeea89000 	C:\WINDOWS\System32\cfgmgr32.dll
0x00007ffbe54e0000 - 0x00007ffbe54ef000 	C:\AndroidStudio\jre\jre\bin\verify.dll
0x00007ffbe0b50000 - 0x00007ffbe0b79000 	C:\AndroidStudio\jre\jre\bin\java.dll
0x00007ffbe0b30000 - 0x00007ffbe0b46000 	C:\AndroidStudio\jre\jre\bin\zip.dll
0x00007ffbeed40000 - 0x00007ffbf017f000 	C:\WINDOWS\System32\SHELL32.dll
0x00007ffbf0350000 - 0x00007ffbf03f9000 	C:\WINDOWS\System32\shcore.dll
0x00007ffbedc20000 - 0x00007ffbee32d000 	C:\WINDOWS\System32\windows.storage.dll
0x00007ffbf0560000 - 0x00007ffbf05b1000 	C:\WINDOWS\System32\shlwapi.dll
0x00007ffbedba0000 - 0x00007ffbedbb1000 	C:\WINDOWS\System32\kernel.appcore.dll
0x00007ffbedb80000 - 0x00007ffbedb9f000 	C:\WINDOWS\System32\profapi.dll
0x00007ffbedb00000 - 0x00007ffbedb4c000 	C:\WINDOWS\System32\powrprof.dll
0x00007ffbedb50000 - 0x00007ffbedb5a000 	C:\WINDOWS\System32\FLTLIB.DLL
0x00007ffbdf490000 - 0x00007ffbdf4aa000 	C:\AndroidStudio\jre\jre\bin\net.dll
0x00007ffbed320000 - 0x00007ffbed386000 	C:\WINDOWS\system32\mswsock.dll
0x00007ffbdf470000 - 0x00007ffbdf481000 	C:\AndroidStudio\jre\jre\bin\nio.dll
0x00007ffbceaa0000 - 0x00007ffbceabe000 	C:\Users\Public\.gradle\native\25\windows-amd64\native-platform.dll
0x00007ffbe4b50000 - 0x00007ffbe4b5d000 	C:\AndroidStudio\jre\jre\bin\management.dll
0x00007ffbed4e0000 - 0x00007ffbed4f7000 	C:\WINDOWS\SYSTEM32\CRYPTSP.dll
0x00007ffbecf00000 - 0x00007ffbecf33000 	C:\WINDOWS\system32\rsaenh.dll
0x00007ffbed600000 - 0x00007ffbed625000 	C:\WINDOWS\SYSTEM32\bcrypt.dll
0x00007ffbeda00000 - 0x00007ffbeda28000 	C:\WINDOWS\SYSTEM32\USERENV.dll
0x00007ffbed4d0000 - 0x00007ffbed4db000 	C:\WINDOWS\SYSTEM32\CRYPTBASE.dll
0x00007ffbed0a0000 - 0x00007ffbed0d8000 	C:\WINDOWS\SYSTEM32\IPHLPAPI.DLL
0x00007ffbf1170000 - 0x00007ffbf1178000 	C:\WINDOWS\System32\NSI.dll
0x00007ffbe7b00000 - 0x00007ffbe7b16000 	C:\WINDOWS\SYSTEM32\dhcpcsvc6.DLL
0x00007ffbe7600000 - 0x00007ffbe761a000 	C:\WINDOWS\SYSTEM32\dhcpcsvc.DLL

VM Arguments:
jvm_args: -Xmx1536m -Dfile.encoding=windows-1251 -Duser.country=RU -Duser.language=ru -Duser.variant 
java_command: org.gradle.launcher.daemon.bootstrap.GradleDaemon 4.4
java_class_path (initial): C:\Users\Public\.gradle\wrapper\dists\gradle-4.4-all\9br9xq1tocpiv8o6njlyu5op1\gradle-4.4\lib\gradle-launcher-4.4.jar
Launcher Type: SUN_STANDARD

Environment Variables:
PATH=C:\ProgramData\Oracle\Java\javapath;C:\Windows\system32;C:\Windows;C:\Windows\System32\Wbem;C:\Windows\System32\WindowsPowerShell\v1.0\;C:\Program Files (x86)\Skype\Phone\;C:\Program Files\Microsoft SQL Server\Client SDK\ODBC\110\Tools\Binn\;C:\Program Files (x86)\Microsoft SQL Server\120\Tools\Binn\;C:\Program Files\Microsoft SQL Server\120\Tools\Binn\;C:\Program Files\Microsoft SQL Server\120\DTS\Binn\;C:\Program Files (x86)\Windows Kits\8.1\Windows Performance Toolkit\;C:\Program Files (x86)\Intel\OpenCL SDK\2.0\bin\x86;C:\Program Files (x86)\Intel\OpenCL SDK\2.0\bin\x64;C:\Program Files (x86)\NVIDIA Corporation\PhysX\Common;C:\WINDOWS\system32;C:\WINDOWS;C:\WINDOWS\System32\Wbem;C:\WINDOWS\System32\WindowsPowerShell\v1.0\;C:\Program Files\dotnet\;C:\Program Files\Microsoft SQL Server\130\Tools\Binn\;C:\Program Files\Microsoft VS Code\bin;C:\Program Files\Git\cmd;C:\Program Files (x86)\GitExtensions\;C:\WINDOWS\System32\OpenSSH\;C:\Program Files\nodejs\;C:\Users\sasha\AppData\Local\Microsoft\WindowsApps;C:\Users\sasha\AppData\Local\Microsoft\WindowsApps;C:\Users\sasha\AppData\Roaming\npm
USERNAME=sasha
OS=Windows_NT
PROCESSOR_IDENTIFIER=Intel64 Family 6 Model 58 Stepping 9, GenuineIntel



---------------  S Y S T E M  ---------------

OS: Windows 10.0 , 64 bit Build 17134 (10.0.17134.1)

CPU:total 4 (initial active 4) (2 cores per cpu, 2 threads per core) family 6 model 58 stepping 9, cmov, cx8, fxsr, mmx, sse, sse2, sse3, ssse3, sse4.1, sse4.2, popcnt, avx, aes, clmul, erms, ht, tsc, tscinvbit, tscinv

Memory: 4k page, physical 12441188k(2350924k free), swap 18732644k(4916k free)

vm_info: OpenJDK 64-Bit Server VM (25.152-b02) for windows-amd64 JRE (1.8.0_152-release-1024-b02), built by "builder" with MS VC++ 10.0 (VS2010)

time: Thu Oct 18 19:24:15 2018
elapsed time: 4 seconds (0d 0h 0m 4s)

